<?xml version="1.0" encoding="utf-8" standalone="no"?>
<!--This file represents the results of running a test suite-->
<test-results name="C:\Users\Luc\Desktop\ZooRunner(test)\ZooRunner.Tests\bin\Debug\ZooRunner.Tests.dll" total="4" errors="0" failures="0" not-run="0" inconclusive="0" ignored="0" skipped="0" invalid="0" date="2016-11-28" time="12:11:45">
  <environment nunit-version="2.6.4.14350" clr-version="4.0.30319.42000" os-version="Microsoft Windows NT 6.2.9200.0" platform="Win32NT" cwd="C:\Users\Luc\Desktop\ZooRunner(test)\ZooRunner.Tests\bin\Debug" machine-name="BOULZOR" user="Luc" user-domain="Boulzor" />
  <culture-info current-culture="fr-FR" current-uiculture="fr-FR" />
  <test-suite type="Assembly" name="C:\Users\Luc\Desktop\ZooRunner(test)\ZooRunner.Tests\bin\Debug\ZooRunner.Tests.dll" executed="True" result="Success" success="True" time="0.396" asserts="0">
    <results>
      <test-suite type="Namespace" name="ZooRunner" executed="True" result="Success" success="True" time="0.365" asserts="0">
        <results>
          <test-suite type="Namespace" name="Tests" executed="True" result="Success" success="True" time="0.364" asserts="0">
            <results>
              <test-suite type="TestFixture" name="RunnerTests" executed="True" result="Success" success="True" time="0.362" asserts="0">
                <results>
                  <test-case name="ZooRunner.Tests.RunnerTests.animals_can_move" executed="True" result="Success" success="True" time="0.327" asserts="8" />
                  <test-case name="ZooRunner.Tests.RunnerTests.create_multiple_animals" executed="True" result="Success" success="True" time="0.001" asserts="8" />
                  <test-case name="ZooRunner.Tests.RunnerTests.create_zoo_and_animal" executed="True" result="Success" success="True" time="0.002" asserts="4" />
                  <test-case name="ZooRunner.Tests.RunnerTests.initial_position_works" executed="True" result="Success" success="True" time="0.001" asserts="8" />
                </results>
              </test-suite>
            </results>
          </test-suite>
        </results>
      </test-suite>
    </results>
  </test-suite>
</test-results>